INFO    : PreTeXt project found in `/eccs/users/lsgoldb22/SummerResearch/quaker-ece`.
INFO    : Since no build target was supplied, the first target of the project.ptx manifest (web) will be built.

INFO    : No change in assets requiring generating detected.  To force regeneration of assets, use `-g` flag.

INFO    : Preparing to build into /eccs/users/lsgoldb22/SummerResearch/quaker-ece/output/web.
INFO    : 
Now building HTML into /eccs/users/lsgoldb22/SummerResearch/quaker-ece/output/web

INFO    : discovering source file's directory name: /eccs/users/lsgoldb22/SummerResearch/quaker-ece/source
INFO    : verifying and expanding input directory: /eccs/users/lsgoldb22/SummerResearch/quaker-ece/source/../generated-assets
INFO    : input directory expanded to absolute path: /eccs/users/lsgoldb22/SummerResearch/quaker-ece/generated-assets
INFO    : verifying and expanding input directory: /eccs/users/lsgoldb22/SummerResearch/quaker-ece/source/../assets
INFO    : input directory expanded to absolute path: /eccs/users/lsgoldb22/SummerResearch/quaker-ece/assets
INFO    : Runestone Services (via PreTeXt repository): version 6.5.0
INFO    : Runestone Services (using newer, via online CDN query): version 7.2.18
INFO    : converting /eccs/users/lsgoldb22/SummerResearch/quaker-ece/source/main.ptx to HTML in /tmp/tmpp0zd6chj
INFO    : XSL conversion of /eccs/users/lsgoldb22/SummerResearch/quaker-ece/source/main.ptx by /eccs/home/lsgoldb22/.ptx/xsl/pretext-html.xsl
INFO    : comprehensive messages, warnings, and errors:
INFO    :     * PTX:ERROR:   margins and width (35%, 65%, 35%) must not have a sum exceeding 100%
INFO    :     *              located within: "yt-list-vars" (xml:id)
INFO    :     * PTX:ERROR:   margins and width (35%, 65%, 35%) must sum to 100%
INFO    :     *              located within: "yt-list-vars" (xml:id)
INFO    :     * PTX:ERROR:   margins and width (35%, 65%, 35%) must not have a sum exceeding 100%
INFO    :     *              located within: "yt-list-vars" (xml:id)
INFO    :     * PTX:ERROR:   margins and width (35%, 65%, 35%) must sum to 100%
INFO    :     *              located within: "yt-list-vars" (xml:id)
INFO    :     * PTX:ERROR:   margins and width (35%, 65%, 35%) must not have a sum exceeding 100%
INFO    :     *              located within: "yt-list-vars" (xml:id)
INFO    :     * PTX:ERROR:   margins and width (35%, 65%, 35%) must sum to 100%
INFO    :     *              located within: "yt-list-vars" (xml:id)
INFO    :     * PTX:ERROR:   margins and width (35%, 65%, 35%) must not have a sum exceeding 100%
INFO    :     *              located within: "yt-list-vars" (xml:id)
INFO    :     * PTX:ERROR:   margins and width (35%, 65%, 35%) must sum to 100%
INFO    :     *              located within: "yt-list-vars" (xml:id)
INFO    : successful application of /eccs/home/lsgoldb22/.ptx/xsl/pretext-html.xsl
INFO    : Removing temporary directory /tmp/tmpp0zd6chj
INFO    : 
Success! Run `pretext view web` to see the results.

